<?xml version="1.0" encoding="UTF-8"?>
<testng-results ignored="0" total="8" passed="8" failed="0" skipped="0">
  <reporter-output>
  </reporter-output>
  <suite started-at="2024-09-12T16:08:06 IST" name="Suite" finished-at="2024-09-12T16:08:14 IST" duration-ms="7973">
    <groups>
    </groups>
    <test started-at="2024-09-12T16:08:06 IST" name="Test" finished-at="2024-09-12T16:08:14 IST" duration-ms="7973">
      <class name="restapitest.NoxParseAssignmentUsingDoc">
        <test-method signature="test()[pri:0, instance:restapitest.NoxParseAssignmentUsingDoc@581ac8a8]" started-at="2024-09-12T16:08:06 IST" name="test" finished-at="2024-09-12T16:08:08 IST" duration-ms="1751" status="PASS">
          <reporter-output>
          </reporter-output>
        </test-method> <!-- test -->
      </class> <!-- restapitest.NoxParseAssignmentUsingDoc -->
      <class name="restapitest.NoxKVKByNumber">
        <test-method signature="test()[pri:0, instance:restapitest.NoxKVKByNumber@47987356]" started-at="2024-09-12T16:08:13 IST" name="test" finished-at="2024-09-12T16:08:13 IST" duration-ms="862" status="PASS">
          <reporter-output>
          </reporter-output>
        </test-method> <!-- test -->
      </class> <!-- restapitest.NoxKVKByNumber -->
      <class name="restapitest.NoxKVKByName">
        <test-method signature="test()[pri:0, instance:restapitest.NoxKVKByName@3b6ddd1d]" started-at="2024-09-12T16:08:13 IST" name="test" finished-at="2024-09-12T16:08:14 IST" duration-ms="896" status="PASS">
          <reporter-output>
          </reporter-output>
        </test-method> <!-- test -->
      </class> <!-- restapitest.NoxKVKByName -->
      <class name="restapitest.NoxSkillLookupCodes">
        <test-method signature="test()[pri:0, instance:restapitest.NoxSkillLookupCodes@169e6180]" started-at="2024-09-12T16:08:10 IST" name="test" finished-at="2024-09-12T16:08:11 IST" duration-ms="925" status="PASS">
          <reporter-output>
          </reporter-output>
        </test-method> <!-- test -->
      </class> <!-- restapitest.NoxSkillLookupCodes -->
      <class name="restapitest.NoxParseAssignmentUsingUrl">
        <test-method signature="test()[pri:0, instance:restapitest.NoxParseAssignmentUsingUrl@20ccf40b]" started-at="2024-09-12T16:08:08 IST" name="test" finished-at="2024-09-12T16:08:09 IST" duration-ms="846" status="PASS">
          <reporter-output>
          </reporter-output>
        </test-method> <!-- test -->
      </class> <!-- restapitest.NoxParseAssignmentUsingUrl -->
      <class name="restapitest.NoxSkillLookup">
        <test-method signature="test()[pri:0, instance:restapitest.NoxSkillLookup@7205765b]" started-at="2024-09-12T16:08:12 IST" name="test" finished-at="2024-09-12T16:08:13 IST" duration-ms="882" status="PASS">
          <reporter-output>
          </reporter-output>
        </test-method> <!-- test -->
      </class> <!-- restapitest.NoxSkillLookup -->
      <class name="restapitest.NoxSkillCompleteNormalized">
        <test-method signature="test()[pri:0, instance:restapitest.NoxSkillCompleteNormalized@35aea049]" started-at="2024-09-12T16:08:11 IST" name="test" finished-at="2024-09-12T16:08:12 IST" duration-ms="886" status="PASS">
          <reporter-output>
          </reporter-output>
        </test-method> <!-- test -->
      </class> <!-- restapitest.NoxSkillCompleteNormalized -->
      <class name="restapitest.NoxProfessionCompleteNormalized">
        <test-method signature="test()[pri:0, instance:restapitest.NoxProfessionCompleteNormalized@2fb3536e]" started-at="2024-09-12T16:08:09 IST" name="test" finished-at="2024-09-12T16:08:10 IST" duration-ms="897" status="PASS">
          <reporter-output>
          </reporter-output>
        </test-method> <!-- test -->
      </class> <!-- restapitest.NoxProfessionCompleteNormalized -->
    </test> <!-- Test -->
  </suite> <!-- Suite -->
</testng-results>
