<?xml version="1.0" encoding="UTF-8"?>
<!-- Generated by org.testng.reporters.JUnitXMLReporter -->
<testsuite ignored="0" hostname="NO-002-QA" failures="0" tests="8" name="Test" time="7.973" errors="0" timestamp="2024-09-12T16:08:14 IST">
  <testcase classname="restapitest.NoxParseAssignmentUsingDoc" name="test" time="1.751"/>
  <testcase classname="restapitest.NoxParseAssignmentUsingUrl" name="test" time="0.846"/>
  <testcase classname="restapitest.NoxProfessionCompleteNormalized" name="test" time="0.897"/>
  <testcase classname="restapitest.NoxSkillLookupCodes" name="test" time="0.925"/>
  <testcase classname="restapitest.NoxSkillCompleteNormalized" name="test" time="0.886"/>
  <testcase classname="restapitest.NoxSkillLookup" name="test" time="0.882"/>
  <testcase classname="restapitest.NoxKVKByNumber" name="test" time="0.862"/>
  <testcase classname="restapitest.NoxKVKByName" name="test" time="0.896"/>
</testsuite> <!-- Test -->
